<?xml version="1.0" encoding="UTF-8"?>
<testng-results skipped="0" failed="0" ignored="0" total="1" passed="1">
  <reporter-output>
  </reporter-output>
  <suite name="Default suite" duration-ms="1862" started-at="2018-05-05T17:37:22Z" finished-at="2018-05-05T17:37:24Z">
    <groups>
    </groups>
    <test name="Default test" duration-ms="1862" started-at="2018-05-05T17:37:22Z" finished-at="2018-05-05T17:37:24Z">
      <class name="com.qa.tests.GetAPITest">
        <test-method status="PASS" signature="setUp()[pri:0, instance:com.qa.tests.GetAPITest@1caeb3e]" name="setUp" is-config="true" duration-ms="23" started-at="2018-05-05T17:37:22Z" finished-at="2018-05-05T17:37:22Z">
          <reporter-output>
          </reporter-output>
        </test-method> <!-- setUp -->
        <test-method status="PASS" signature="getTest()[pri:0, instance:com.qa.tests.GetAPITest@1caeb3e]" name="getTest" duration-ms="1786" started-at="2018-05-05T17:37:23Z" finished-at="2018-05-05T17:37:24Z">
          <reporter-output>
          </reporter-output>
        </test-method> <!-- getTest -->
      </class> <!-- com.qa.tests.GetAPITest -->
    </test> <!-- Default test -->
  </suite> <!-- Default suite -->
</testng-results>
